<?xml version="1.0" encoding="UTF-8"?>
<!-- Generated by org.testng.reporters.JUnitReportReporter -->
<testsuite hostname="DESKTOP-1MT7MN2" failures="0" tests="3" name="testCases.LoginTestPage" time="34.271" errors="0" timestamp="2023-10-31T13:34:13 IST" skipped="0">
  <testcase classname="testCases.LoginTestPage" name="LoginToApplicationTest" time="10.572"/>
  <system-out/>
  <testcase classname="testCases.LoginTestPage" name="VerifyURLOfApplictionTest" time="9.868"/>
  <system-out/>
  <testcase classname="testCases.LoginTestPage" name="verifyTitleOfApplicationTest" time="13.831"/>
  <system-out/>
</testsuite> <!-- testCases.LoginTestPage -->
