<?xml version="1.0" encoding="UTF-8"?>
<!-- Generated by org.testng.reporters.JUnitReportReporter -->
<testsuite hostname="DESKTOP-1MT7MN2" failures="0" tests="2" name="testCases.CheckOutPage2Test" time="0.785" errors="0" timestamp="2023-10-25T01:58:47 IST" skipped="0">
  <testcase classname="testCases.CheckOutPage2Test" name="verifypaymentInfoLableTest" time="0.061"/>
  <system-out>
    <![CDATA[Lable of paymnet Info applicatopn = Payment Information]]>
  </system-out>
  <testcase classname="testCases.CheckOutPage2Test" name="verifycheckoutpage2LableTest" time="0.724"/>
  <system-out>
    <![CDATA[Lable of applicatopn = Checkout: Overview]]>
  </system-out>
</testsuite> <!-- testCases.CheckOutPage2Test -->
